<?xml version="1.0" encoding="UTF-8"?>
<!-- Generated by org.testng.reporters.JUnitXMLReporter -->
<testsuite ignored="0" hostname="24LAP5CD019C4JP" failures="0" tests="3" name="Car loan" time="0.006" errors="0" timestamp="2023-05-12T12:01:12 PET">
  <testcase classname="section16.day3" name="LoginAPIcarLoan" time="0.001"/>
  <testcase classname="section16.day3" name="MobileLogincarLoan" time="0.001"/>
  <testcase classname="section16.day3" name="WebloginCarLoan" time="0.001"/>
</testsuite> <!-- Car loan -->
