<?xml version="1.0" encoding="UTF-8"?>
<!-- Generated by org.testng.reporters.JUnitXMLReporter -->
<testsuite ignored="2" hostname="24LAP5CD019C4JP" failures="0" tests="5" name="Car loan" time="0.08" errors="0" timestamp="2023-05-23T09:24:46 PET">
  <testcase classname="section16.day3" name="MobileLogincarLoan" time="0.008"/>
  <testcase classname="section16.day3" name="MobilesignoutcarLoan" time="0.002"/>
  <testcase classname="section16.day3" name="MobilesignoutcarLoan" time="0.002"/>
  <testcase classname="section16.day3" name="MobilesignoutcarLoan" time="0.0"/>
  <testcase classname="section16.day3" name="WebloginCarLoan" time="0.002"/>
  <testcase classname="section16.day3" name="APIcarLoan" time="0.0">
    <ignored/>
  </testcase> <!-- APIcarLoan -->
  <testcase classname="section16.day3" name="MobilesignimcarLoan" time="0.0">
    <ignored/>
  </testcase> <!-- MobilesignimcarLoan -->
</testsuite> <!-- Car loan -->
