<?xml version="1.0" encoding="UTF-8"?>
<!-- Generated by org.testng.reporters.JUnitXMLReporter -->
<testsuite ignored="8" hostname="24LAP5CD019C4JP" failures="0" tests="3" name="Regression" time="0.044" errors="0" timestamp="2023-05-16T21:05:41 PET">
  <testcase classname="section16.day2" name="ploan" time="0.005"/>
  <testcase classname="section16.day4" name="MobileLoginHomeLoan" time="0.001"/>
  <testcase classname="section16.day3" name="MobileLogincarLoan" time="0.001"/>
  <testcase classname="section16.day3" name="MobilesignoutcarLoan" time="0.0">
    <ignored/>
  </testcase> <!-- MobilesignoutcarLoan -->
  <testcase classname="section16.day3" name="APIcarLoan" time="0.0">
    <ignored/>
  </testcase> <!-- APIcarLoan -->
  <testcase classname="section16.day3" name="WebloginCarLoan" time="0.0">
    <ignored/>
  </testcase> <!-- WebloginCarLoan -->
  <testcase classname="section16.day3" name="MobilesignimcarLoan" time="0.0">
    <ignored/>
  </testcase> <!-- MobilesignimcarLoan -->
  <testcase classname="section16.day1" name="SecondTest" time="0.0">
    <ignored/>
  </testcase> <!-- SecondTest -->
  <testcase classname="section16.day4" name="WebloginhOMELoan" time="0.0">
    <ignored/>
  </testcase> <!-- WebloginhOMELoan -->
  <testcase classname="section16.day1" name="Demo" time="0.0">
    <ignored/>
  </testcase> <!-- Demo -->
  <testcase classname="section16.day4" name="LoginAPIHomeLoan" time="0.0">
    <ignored/>
  </testcase> <!-- LoginAPIHomeLoan -->
</testsuite> <!-- Regression -->
