<?xml version="1.0" encoding="UTF-8"?>
<testng-results ignored="3" total="13" passed="9" failed="1" skipped="0">
  <reporter-output>
  </reporter-output>
  <suite started-at="2023-05-23T09:24:46 PET" name="loan Department" finished-at="2023-05-23T09:24:46 PET" duration-ms="80">
    <groups>
      <group name="Smoke">
        <method signature="day2.ploan()[pri:0, instance:section16.day2@7bab3f1a]" name="ploan" class="section16.day2"/>
        <method signature="day4.MobileLoginHomeLoan()[pri:0, instance:section16.day4@437da279]" name="MobileLoginHomeLoan" class="section16.day4"/>
        <method signature="day3.MobileLogincarLoan()[pri:0, instance:section16.day3@298a5e20]" name="MobileLogincarLoan" class="section16.day3"/>
      </group> <!-- Smoke -->
    </groups>
    <test started-at="2023-05-23T09:24:46 PET" name="Car loan" finished-at="2023-05-23T09:24:46 PET" duration-ms="80">
      <class name="section16.day3">
        <test-method is-config="true" signature="Bfsuite()[pri:0, instance:section16.day3@298a5e20]" started-at="2023-05-23T09:24:46 PET" name="Bfsuite" finished-at="2023-05-23T09:24:46 PET" duration-ms="10" status="PASS">
          <reporter-output>
          </reporter-output>
        </test-method> <!-- Bfsuite -->
        <test-method is-config="true" signature="befoclas()[pri:0, instance:section16.day3@298a5e20]" started-at="2023-05-23T09:24:46 PET" name="befoclas" finished-at="2023-05-23T09:24:46 PET" duration-ms="1" status="PASS">
          <reporter-output>
          </reporter-output>
        </test-method> <!-- befoclas -->
        <test-method is-config="true" signature="beforeevery()[pri:0, instance:section16.day3@298a5e20]" started-at="2023-05-23T09:24:46 PET" name="beforeevery" finished-at="2023-05-23T09:24:46 PET" duration-ms="0" status="PASS">
          <reporter-output>
          </reporter-output>
        </test-method> <!-- beforeevery -->
        <test-method signature="MobileLogincarLoan()[pri:0, instance:section16.day3@298a5e20]" started-at="2023-05-23T09:24:46 PET" name="MobileLogincarLoan" finished-at="2023-05-23T09:24:46 PET" duration-ms="8" status="PASS">
          <reporter-output>
          </reporter-output>
        </test-method> <!-- MobileLogincarLoan -->
        <test-method is-config="true" signature="afterevery()[pri:0, instance:section16.day3@298a5e20]" started-at="2023-05-23T09:24:46 PET" name="afterevery" finished-at="2023-05-23T09:24:46 PET" duration-ms="0" status="PASS">
          <reporter-output>
          </reporter-output>
        </test-method> <!-- afterevery -->
        <test-method is-config="true" signature="beforeevery()[pri:0, instance:section16.day3@298a5e20]" started-at="2023-05-23T09:24:46 PET" name="beforeevery" finished-at="2023-05-23T09:24:46 PET" duration-ms="1" status="PASS">
          <reporter-output>
          </reporter-output>
        </test-method> <!-- beforeevery -->
        <test-method signature="MobilesignoutcarLoan(java.lang.String,java.lang.String)[pri:0, instance:section16.day3@298a5e20]" started-at="2023-05-23T09:24:46 PET" name="MobilesignoutcarLoan" data-provider="getData" finished-at="2023-05-23T09:24:46 PET" duration-ms="2" status="PASS">
          <params>
            <param index="0">
              <value>
                <![CDATA[firstsetusername]]>
              </value>
            </param>
            <param index="1">
              <value>
                <![CDATA[firstpassword]]>
              </value>
            </param>
          </params>
          <reporter-output>
          </reporter-output>
        </test-method> <!-- MobilesignoutcarLoan -->
        <test-method is-config="true" signature="afterevery()[pri:0, instance:section16.day3@298a5e20]" started-at="2023-05-23T09:24:46 PET" name="afterevery" finished-at="2023-05-23T09:24:46 PET" duration-ms="1" status="PASS">
          <reporter-output>
          </reporter-output>
        </test-method> <!-- afterevery -->
        <test-method is-config="true" signature="beforeevery()[pri:0, instance:section16.day3@298a5e20]" started-at="2023-05-23T09:24:46 PET" name="beforeevery" finished-at="2023-05-23T09:24:46 PET" duration-ms="1" status="PASS">
          <reporter-output>
          </reporter-output>
        </test-method> <!-- beforeevery -->
        <test-method signature="MobilesignoutcarLoan(java.lang.String,java.lang.String)[pri:0, instance:section16.day3@298a5e20]" started-at="2023-05-23T09:24:46 PET" name="MobilesignoutcarLoan" data-provider="getData" finished-at="2023-05-23T09:24:46 PET" duration-ms="2" status="PASS">
          <params>
            <param index="0">
              <value>
                <![CDATA[secondsetusername]]>
              </value>
            </param>
            <param index="1">
              <value>
                <![CDATA[secondpassword]]>
              </value>
            </param>
          </params>
          <reporter-output>
          </reporter-output>
        </test-method> <!-- MobilesignoutcarLoan -->
        <test-method is-config="true" signature="afterevery()[pri:0, instance:section16.day3@298a5e20]" started-at="2023-05-23T09:24:46 PET" name="afterevery" finished-at="2023-05-23T09:24:46 PET" duration-ms="0" status="PASS">
          <reporter-output>
          </reporter-output>
        </test-method> <!-- afterevery -->
        <test-method signature="MobilesignoutcarLoan(java.lang.String,java.lang.String)[pri:0, instance:section16.day3@298a5e20]" started-at="2023-05-23T09:24:46 PET" name="MobilesignoutcarLoan" data-provider="getData" finished-at="2023-05-23T09:24:46 PET" duration-ms="0" status="PASS">
          <params>
            <param index="0">
              <value>
                <![CDATA[thirdsetusername]]>
              </value>
            </param>
            <param index="1">
              <value>
                <![CDATA[thirdpassword]]>
              </value>
            </param>
          </params>
          <reporter-output>
          </reporter-output>
        </test-method> <!-- MobilesignoutcarLoan -->
        <test-method is-config="true" signature="beforeevery()[pri:0, instance:section16.day3@298a5e20]" started-at="2023-05-23T09:24:46 PET" name="beforeevery" finished-at="2023-05-23T09:24:46 PET" duration-ms="0" status="PASS">
          <reporter-output>
          </reporter-output>
        </test-method> <!-- beforeevery -->
        <test-method is-config="true" signature="afterevery()[pri:0, instance:section16.day3@298a5e20]" started-at="2023-05-23T09:24:46 PET" name="afterevery" finished-at="2023-05-23T09:24:46 PET" duration-ms="2" status="PASS">
          <reporter-output>
          </reporter-output>
        </test-method> <!-- afterevery -->
        <test-method is-config="true" signature="beforeevery()[pri:0, instance:section16.day3@298a5e20]" started-at="2023-05-23T09:24:46 PET" name="beforeevery" finished-at="2023-05-23T09:24:46 PET" duration-ms="0" status="PASS">
          <reporter-output>
          </reporter-output>
        </test-method> <!-- beforeevery -->
        <test-method signature="WebloginCarLoan(java.lang.String,java.lang.String)[pri:0, instance:section16.day3@298a5e20]" started-at="2023-05-23T09:24:46 PET" name="WebloginCarLoan" finished-at="2023-05-23T09:24:46 PET" duration-ms="2" status="PASS">
          <params>
            <param index="0">
              <value>
                <![CDATA[carloan.com]]>
              </value>
            </param>
            <param index="1">
              <value>
                <![CDATA[123456]]>
              </value>
            </param>
          </params>
          <reporter-output>
          </reporter-output>
        </test-method> <!-- WebloginCarLoan -->
        <test-method is-config="true" signature="afterevery()[pri:0, instance:section16.day3@298a5e20]" started-at="2023-05-23T09:24:46 PET" name="afterevery" finished-at="2023-05-23T09:24:46 PET" duration-ms="0" status="PASS">
          <reporter-output>
          </reporter-output>
        </test-method> <!-- afterevery -->
        <test-method is-config="true" signature="afterclass()[pri:0, instance:section16.day3@298a5e20]" started-at="2023-05-23T09:24:46 PET" name="afterclass" finished-at="2023-05-23T09:24:46 PET" duration-ms="0" status="PASS">
          <reporter-output>
          </reporter-output>
        </test-method> <!-- afterclass -->
      </class> <!-- section16.day3 -->
    </test> <!-- Car loan -->
    <test started-at="2023-05-23T09:24:46 PET" name="Personal loan" finished-at="2023-05-23T09:24:46 PET" duration-ms="78">
      <class name="section16.day2">
        <test-method is-config="true" signature="prerequiste()[pri:0, instance:section16.day2@7bab3f1a]" started-at="2023-05-23T09:24:46 PET" name="prerequiste" finished-at="2023-05-23T09:24:46 PET" duration-ms="10" status="PASS">
          <reporter-output>
          </reporter-output>
        </test-method> <!-- prerequiste -->
        <test-method signature="ploan()[pri:0, instance:section16.day2@7bab3f1a]" started-at="2023-05-23T09:24:46 PET" name="ploan" finished-at="2023-05-23T09:24:46 PET" duration-ms="1" status="PASS">
          <reporter-output>
          </reporter-output>
        </test-method> <!-- ploan -->
      </class> <!-- section16.day2 -->
      <class name="section16.day1">
        <test-method signature="Demo()[pri:0, instance:section16.day1@31fa1761]" started-at="2023-05-23T09:24:46 PET" name="Demo" finished-at="2023-05-23T09:24:46 PET" duration-ms="11" status="FAIL">
          <exception class="java.lang.AssertionError">
            <message>
              <![CDATA[expected [true] but found [false]]]>
            </message>
            <full-stacktrace>
              <![CDATA[java.lang.AssertionError: expected [true] but found [false]
at org.testng.Assert.fail(Assert.java:99)
at org.testng.Assert.failNotEquals(Assert.java:1037)
at org.testng.Assert.assertTrue(Assert.java:45)
at org.testng.Assert.assertTrue(Assert.java:55)
at section16.day1.Demo(day1.java:18)
at java.base/jdk.internal.reflect.NativeMethodAccessorImpl.invoke0(Native Method)
at java.base/jdk.internal.reflect.NativeMethodAccessorImpl.invoke(NativeMethodAccessorImpl.java:77)
at java.base/jdk.internal.reflect.DelegatingMethodAccessorImpl.invoke(DelegatingMethodAccessorImpl.java:43)
at java.base/java.lang.reflect.Method.invoke(Method.java:568)
at org.testng.internal.MethodInvocationHelper.invokeMethod(MethodInvocationHelper.java:133)
at org.testng.internal.TestInvoker.invokeMethod(TestInvoker.java:598)
at org.testng.internal.TestInvoker.invokeTestMethod(TestInvoker.java:173)
at org.testng.internal.MethodRunner.runInSequence(MethodRunner.java:46)
at org.testng.internal.TestInvoker$MethodInvocationAgent.invoke(TestInvoker.java:824)
at org.testng.internal.TestInvoker.invokeTestMethods(TestInvoker.java:146)
at org.testng.internal.TestMethodWorker.invokeTestMethods(TestMethodWorker.java:146)
at org.testng.internal.TestMethodWorker.run(TestMethodWorker.java:128)
at java.base/java.util.ArrayList.forEach(ArrayList.java:1511)
at org.testng.TestRunner.privateRun(TestRunner.java:794)
at org.testng.TestRunner.run(TestRunner.java:596)
at org.testng.SuiteRunner.runTest(SuiteRunner.java:377)
at org.testng.SuiteRunner.access$000(SuiteRunner.java:28)
at org.testng.SuiteRunner$SuiteWorker.run(SuiteRunner.java:418)
at org.testng.internal.thread.ThreadUtil.lambda$execute$0(ThreadUtil.java:64)
at java.base/java.util.concurrent.FutureTask.run(FutureTask.java:264)
at java.base/java.util.concurrent.ThreadPoolExecutor.runWorker(ThreadPoolExecutor.java:1136)
at java.base/java.util.concurrent.ThreadPoolExecutor$Worker.run(ThreadPoolExecutor.java:635)
at java.base/java.lang.Thread.run(Thread.java:833)
]]>
            </full-stacktrace>
          </exception> <!-- java.lang.AssertionError -->
          <reporter-output>
          </reporter-output>
        </test-method> <!-- Demo -->
        <test-method is-config="true" signature="afSuite()[pri:0, instance:section16.day1@31fa1761]" started-at="2023-05-23T09:24:46 PET" name="afSuite" finished-at="2023-05-23T09:24:46 PET" duration-ms="0" status="PASS">
          <reporter-output>
          </reporter-output>
        </test-method> <!-- afSuite -->
        <test-method is-config="true" signature="lastexecution()[pri:0, instance:section16.day1@31fa1761]" started-at="2023-05-23T09:24:46 PET" name="lastexecution" finished-at="2023-05-23T09:24:46 PET" duration-ms="0" status="PASS">
          <reporter-output>
          </reporter-output>
        </test-method> <!-- lastexecution -->
      </class> <!-- section16.day1 -->
      <class name="section16.day4">
        <test-method signature="LoginAPIHomeLoan()[pri:0, instance:section16.day4@437da279]" started-at="2023-05-23T09:24:46 PET" name="LoginAPIHomeLoan" finished-at="2023-05-23T09:24:46 PET" duration-ms="2" status="PASS">
          <reporter-output>
          </reporter-output>
        </test-method> <!-- LoginAPIHomeLoan -->
        <test-method signature="MobileLoginHomeLoan()[pri:0, instance:section16.day4@437da279]" started-at="2023-05-23T09:24:46 PET" name="MobileLoginHomeLoan" finished-at="2023-05-23T09:24:46 PET" duration-ms="3" status="PASS">
          <reporter-output>
          </reporter-output>
        </test-method> <!-- MobileLoginHomeLoan -->
        <test-method signature="WebloginHomeLoan(java.lang.String)[pri:0, instance:section16.day4@437da279]" started-at="2023-05-23T09:24:46 PET" name="WebloginHomeLoan" finished-at="2023-05-23T09:24:46 PET" duration-ms="2" status="PASS">
          <params>
            <param index="0">
              <value>
                <![CDATA[personalloan.com]]>
              </value>
            </param>
          </params>
          <reporter-output>
          </reporter-output>
        </test-method> <!-- WebloginHomeLoan -->
      </class> <!-- section16.day4 -->
    </test> <!-- Personal loan -->
  </suite> <!-- loan Department -->
</testng-results>
